<?xml version="1.0" encoding="UTF-8"?>
<!-- Generated by org.testng.reporters.JUnitXMLReporter -->
<testsuite hostname="MYSHEC125397L" ignored="0" name="Test" tests="6" failures="0" timestamp="03 Jun 2020 09:53:04 GMT" time="1.172" errors="0">
  <testcase name="parametrizedTestCase" time="0.019" classname="TestDemos.DataProviderDemo"/>
  <testcase name="parametrizedTestCase" time="0.006" classname="TestDemos.DataProviderDemo"/>
  <testcase name="parametrizedTestCase" time="0.005" classname="TestDemos.DataProviderDemo"/>
  <testcase name="parametrizedTestCase" time="0.003" classname="TestDemos.DataProviderDemo"/>
  <testcase name="parametrizedTestCase" time="0.004" classname="TestDemos.DataProviderDemo"/>
  <testcase name="f" time="0.017" classname="TestDemos.DataProviderDemo"/>
</testsuite> <!-- Test -->
